[0725/183332:ERROR:process_info.cc(608)] range at 0xfffde000, size 0x230 fully unreadable
[0725/183333:ERROR:process_reader_win.cc(232)] ReadMemory at 0x75189fec of 34 bytes failed: 度ЧΘ场だ ReadProcessMemory ┪ WriteProcessMemory nDC (0x12B)
[0725/183333:WARNING:pe_image_reader.cc(154)] could not read debug directory from C:\Windows\syswow64\ole32.dll
[0725/183333:ERROR:process_reader_win.cc(232)] ReadMemory at 0x75a40000 of 64 bytes failed: 度ЧΘ场だ ReadProcessMemory ┪ WriteProcessMemory nDC (0x12B)
[0725/183333:WARNING:pe_image_reader.cc(280)] could not read dos header from C:\Windows\syswow64\OLEAUT32.dll
[0725/183333:ERROR:process_reader_win.cc(232)] ReadMemory at 0x76240000 of 64 bytes failed: 度ЧΘ场だ ReadProcessMemory ┪ WriteProcessMemory nDC (0x12B)
[0725/183333:WARNING:pe_image_reader.cc(280)] could not read dos header from C:\Windows\syswow64\NSI.dll
[0725/183333:ERROR:process_reader_win.cc(232)] ReadMemory at 0x735e0000 of 64 bytes failed: 度ЧΘ场だ ReadProcessMemory ┪ WriteProcessMemory nDC (0x12B)
[0725/183333:WARNING:pe_image_reader.cc(280)] could not read dos header from C:\Windows\system32\WINNSI.DLL
[0725/183333:ERROR:process_reader_win.cc(232)] ReadMemory at 0x735f0000 of 64 bytes failed: 度ЧΘ场だ ReadProcessMemory ┪ WriteProcessMemory nDC (0x12B)
[0725/183333:WARNING:pe_image_reader.cc(280)] could not read dos header from C:\Windows\system32\IPHLPAPI.DLL
[0725/183333:ERROR:process_reader_win.cc(232)] ReadMemory at 0x76190000 of 64 bytes failed: 度ЧΘ场だ ReadProcessMemory ┪ WriteProcessMemory nDC (0x12B)
[0725/183333:WARNING:pe_image_reader.cc(280)] could not read dos header from C:\Windows\syswow64\WS2_32.dll
[0725/183333:ERROR:process_reader_win.cc(232)] ReadMemory at 0x75b30000 of 64 bytes failed: 度ЧΘ场だ ReadProcessMemory ┪ WriteProcessMemory nDC (0x12B)
[0725/183333:WARNING:pe_image_reader.cc(280)] could not read dos header from C:\Windows\syswow64\MSASN1.dll
[0725/183333:ERROR:process_reader_win.cc(232)] ReadMemory at 0x76250000 of 64 bytes failed: 度ЧΘ场だ ReadProcessMemory ┪ WriteProcessMemory nDC (0x12B)
[0725/183333:WARNING:pe_image_reader.cc(280)] could not read dos header from C:\Windows\syswow64\CRYPT32.dll
[0725/183333:ERROR:process_reader_win.cc(232)] ReadMemory at 0x75b00000 of 64 bytes failed: 度ЧΘ场だ ReadProcessMemory ┪ WriteProcessMemory nDC (0x12B)
[0725/183333:WARNING:pe_image_reader.cc(280)] could not read dos header from C:\Windows\syswow64\WINTRUST.dll
[0725/183333:ERROR:process_reader_win.cc(232)] ReadMemory at 0x721d0000 of 64 bytes failed: 度ЧΘ场だ ReadProcessMemory ┪ WriteProcessMemory nDC (0x12B)
[0725/183333:WARNING:pe_image_reader.cc(280)] could not read dos header from C:\Windows\system32\Secur32.dll
[0725/183333:ERROR:process_reader_win.cc(232)] ReadMemory at 0x5d480000 of 64 bytes failed: 度ЧΘ场だ ReadProcessMemory ┪ WriteProcessMemory nDC (0x12B)
[0725/183333:WARNING:pe_image_reader.cc(280)] could not read dos header from C:\Program Files (x86)\Google\Chrome\Application\51.0.2704.103\chrome_child.dll
[0725/183333:ERROR:process_reader_win.cc(232)] ReadMemory at 0x6e460000 of 64 bytes failed: 度ЧΘ场だ ReadProcessMemory ┪ WriteProcessMemory nDC (0x12B)
[0725/183333:WARNING:pe_image_reader.cc(280)] could not read dos header from C:\Windows\system32\dxva2.dll
[0725/183333:ERROR:process_reader_win.cc(232)] ReadMemory at 0x776b5120 of 5888 bytes failed: 度ЧΘ场だ ReadProcessMemory ┪ WriteProcessMemory nDC (0x12B)
[0725/183333:ERROR:process_reader_win.cc(232)] ReadMemory at 0xee0000 of 64 bytes failed: 度ЧΘ场だ ReadProcessMemory ┪ WriteProcessMemory nDC (0x12B)
[0725/183333:WARNING:pe_image_reader.cc(280)] could not read dos header from C:\Program Files (x86)\Google\Chrome\Application\chrome.exe
[0725/183333:ERROR:process_reader_win.cc(232)] ReadMemory at 0x775b0000 of 64 bytes failed: 度ЧΘ场だ ReadProcessMemory ┪ WriteProcessMemory nDC (0x12B)
[0725/183333:WARNING:pe_image_reader.cc(280)] could not read dos header from C:\Windows\SysWOW64\ntdll.dll
[0725/183333:ERROR:process_reader_win.cc(232)] ReadMemory at 0x74f80000 of 64 bytes failed: 度ЧΘ场だ ReadProcessMemory ┪ WriteProcessMemory nDC (0x12B)
[0725/183333:WARNING:pe_image_reader.cc(280)] could not read dos header from C:\Windows\syswow64\KERNELBASE.dll
[0725/183333:ERROR:process_reader_win.cc(232)] ReadMemory at 0x757c0000 of 64 bytes failed: 度ЧΘ场だ ReadProcessMemory ┪ WriteProcessMemory nDC (0x12B)
[0725/183333:WARNING:pe_image_reader.cc(280)] could not read dos header from C:\Windows\syswow64\kernel32.dll
[0725/183333:ERROR:process_reader_win.cc(232)] ReadMemory at 0x75670000 of 64 bytes failed: 度ЧΘ场だ ReadProcessMemory ┪ WriteProcessMemory nDC (0x12B)
[0725/183333:WARNING:pe_image_reader.cc(280)] could not read dos header from C:\Windows\syswow64\msvcrt.dll
[0725/183333:ERROR:process_reader_win.cc(232)] ReadMemory at 0x74eb0000 of 64 bytes failed: 度ЧΘ场だ ReadProcessMemory ┪ WriteProcessMemory nDC (0x12B)
[0725/183333:WARNING:pe_image_reader.cc(280)] could not read dos header from C:\Windows\syswow64\CRYPTBASE.dll
[0725/183333:ERROR:process_reader_win.cc(232)] ReadMemory at 0x74ec0000 of 64 bytes failed: 度ЧΘ场だ ReadProcessMemory ┪ WriteProcessMemory nDC (0x12B)
[0725/183333:WARNING:pe_image_reader.cc(280)] could not read dos header from C:\Windows\syswow64\SspiCli.dll
[0725/183333:ERROR:process_reader_win.cc(232)] ReadMemory at 0x760a0000 of 64 bytes failed: 度ЧΘ场だ ReadProcessMemory ┪ WriteProcessMemory nDC (0x12B)
[0725/183333:WARNING:pe_image_reader.cc(280)] could not read dos header from C:\Windows\syswow64\RPCRT4.dll
[0725/183333:ERROR:process_reader_win.cc(232)] ReadMemory at 0x761d0000 of 64 bytes failed: 度ЧΘ场だ ReadProcessMemory ┪ WriteProcessMemory nDC (0x12B)
[0725/183333:WARNING:pe_image_reader.cc(280)] could not read dos header from C:\Windows\SysWOW64\sechost.dll
[0725/183333:ERROR:process_reader_win.cc(232)] ReadMemory at 0x758d0000 of 64 bytes failed: 度ЧΘ场だ ReadProcessMemory ┪ WriteProcessMemory nDC (0x12B)
[0725/183333:WARNING:pe_image_reader.cc(280)] could not read dos header from C:\Windows\syswow64\ADVAPI32.dll
[0725/183333:ERROR:process_reader_win.cc(232)] ReadMemory at 0x74d80000 of 64 bytes failed: 度ЧΘ场だ ReadProcessMemory ┪ WriteProcessMemory nDC (0x12B)
[0725/183333:WARNING:pe_image_reader.cc(280)] could not read dos header from C:\Program Files (x86)\Google\Chrome\Application\51.0.2704.103\chrome_elf.dll
[0725/183333:ERROR:process_reader_win.cc(232)] ReadMemory at 0x737f0000 of 64 bytes failed: 度ЧΘ场だ ReadProcessMemory ┪ WriteProcessMemory nDC (0x12B)
[0725/183333:WARNING:pe_image_reader.cc(280)] could not read dos header from C:\Windows\system32\VERSION.dll
[0725/183333:ERROR:process_reader_win.cc(232)] ReadMemory at 0x75b40000 of 64 bytes failed: 度ЧΘ场だ ReadProcessMemory ┪ WriteProcessMemory nDC (0x12B)
[0725/183333:WARNING:pe_image_reader.cc(280)] could not read dos header from C:\Windows\syswow64\USP10.dll
[0725/183333:ERROR:process_reader_win.cc(232)] ReadMemory at 0x74fd0000 of 64 bytes failed: 度ЧΘ场だ ReadProcessMemory ┪ WriteProcessMemory nDC (0x12B)
[0725/183333:WARNING:pe_image_reader.cc(280)] could not read dos header from C:\Windows\syswow64\LPK.dll
[0725/183333:ERROR:process_reader_win.cc(232)] ReadMemory at 0x77120000 of 64 bytes failed: 度ЧΘ场だ ReadProcessMemory ┪ WriteProcessMemory nDC (0x12B)
[0725/183333:WARNING:pe_image_reader.cc(280)] could not read dos header from C:\Windows\syswow64\GDI32.dll
[0725/183333:ERROR:process_reader_win.cc(232)] ReadMemory at 0x75280000 of 64 bytes failed: 度ЧΘ场だ ReadProcessMemory ┪ WriteProcessMemory nDC (0x12B)
[0725/183333:WARNING:pe_image_reader.cc(280)] could not read dos header from C:\Windows\syswow64\USER32.dll
[0725/183333:ERROR:process_reader_win.cc(232)] ReadMemory at 0x72c90000 of 64 bytes failed: 度ЧΘ场だ ReadProcessMemory ┪ WriteProcessMemory nDC (0x12B)
[0725/183333:WARNING:pe_image_reader.cc(280)] could not read dos header from C:\Windows\system32\WINMM.dll
[0725/183333:ERROR:process_reader_win.cc(232)] ReadMemory at 0x75660000 of 64 bytes failed: 度ЧΘ场だ ReadProcessMemory ┪ WriteProcessMemory nDC (0x12B)
[0725/183333:WARNING:pe_image_reader.cc(280)] could not read dos header from C:\Windows\syswow64\profapi.dll
[0725/183333:ERROR:process_reader_win.cc(232)] ReadMemory at 0x75720000 of 64 bytes failed: 度ЧΘ场だ ReadProcessMemory ┪ WriteProcessMemory nDC (0x12B)
[0725/183333:WARNING:pe_image_reader.cc(280)] could not read dos header from C:\Windows\syswow64\USERENV.dll
[0725/183333:ERROR:process_reader_win.cc(232)] ReadMemory at 0x734f0000 of 64 bytes failed: 度ЧΘ场だ ReadProcessMemory ┪ WriteProcessMemory nDC (0x12B)
[0725/183333:WARNING:pe_image_reader.cc(280)] could not read dos header from C:\Windows\system32\WTSAPI32.dll
[0725/183333:ERROR:process_reader_win.cc(232)] ReadMemory at 0x728e0000 of 64 bytes failed: 度ЧΘ场だ ReadProcessMemory ┪ WriteProcessMemory nDC (0x12B)
[0725/183333:WARNING:pe_image_reader.cc(280)] could not read dos header from C:\Windows\system32\webio.dll
[0725/183333:ERROR:process_reader_win.cc(232)] ReadMemory at 0x729c0000 of 64 bytes failed: 度ЧΘ场だ ReadProcessMemory ┪ WriteProcessMemory nDC (0x12B)
[0725/183333:WARNING:pe_image_reader.cc(280)] could not read dos header from C:\Windows\system32\WINHTTP.dll
[0725/183333:ERROR:process_reader_win.cc(232)] ReadMemory at 0x74e30000 of 64 bytes failed: 度ЧΘ场だ ReadProcessMemory ┪ WriteProcessMemory nDC (0x12B)
[0725/183333:WARNING:pe_image_reader.cc(280)] could not read dos header from C:\Windows\system32\api-ms-win-core-synch-l1-2-0.DLL
[0725/183333:ERROR:process_reader_win.cc(232)] ReadMemory at 0x751b0000 of 64 bytes failed: 度ЧΘ场だ ReadProcessMemory ┪ WriteProcessMemory nDC (0x12B)
[0725/183333:WARNING:pe_image_reader.cc(280)] could not read dos header from C:\Windows\syswow64\MSCTF.dll
[0725/183333:ERROR:process_reader_win.cc(232)] ReadMemory at 0x759e0000 of 64 bytes failed: 度ЧΘ场だ ReadProcessMemory ┪ WriteProcessMemory nDC (0x12B)
[0725/183333:WARNING:pe_image_reader.cc(280)] could not read dos header from C:\Windows\system32\IMM32.DLL
[0725/183333:ERROR:process_reader_win.cc(232)] ReadMemory at 0x74fe0000 of 64 bytes failed: 度ЧΘ场だ ReadProcessMemory ┪ WriteProcessMemory nDC (0x12B)
[0725/183333:WARNING:pe_image_reader.cc(280)] could not read dos header from C:\Windows\syswow64\SHLWAPI.dll
[0725/183333:ERROR:process_reader_win.cc(232)] ReadMemory at 0x764d0000 of 64 bytes failed: 度ЧΘ场だ ReadProcessMemory ┪ WriteProcessMemory nDC (0x12B)
[0725/183333:WARNING:pe_image_reader.cc(280)] could not read dos header from C:\Windows\syswow64\SHELL32.dll
[0725/183333:ERROR:process_reader_win.cc(232)] ReadMemory at 0x75380000 of 64 bytes failed: 度ЧΘ场だ ReadProcessMemory ┪ WriteProcessMemory nDC (0x12B)
[0725/183333:WARNING:pe_image_reader.cc(280)] could not read dos header from C:\Windows\syswow64\PSAPI.DLL
[0725/183333:ERROR:process_reader_win.cc(232)] ReadMemory at 0x71d40000 of 64 bytes failed: 度ЧΘ场だ ReadProcessMemory ┪ WriteProcessMemory nDC (0x12B)
[0725/183333:WARNING:pe_image_reader.cc(280)] could not read dos header from C:\Windows\system32\WINSPOOL.DRV
[0725/183333:ERROR:process_reader_win.cc(232)] ReadMemory at 0x73350000 of 64 bytes failed: 度ЧΘ场だ ReadProcessMemory ┪ WriteProcessMemory nDC (0x12B)
[0725/183333:WARNING:pe_image_reader.cc(280)] could not read dos header from C:\Windows\WinSxS\x86_microsoft.windows.common-controls_6595b64144ccf1df_6.0.7601.18837_none_41e855142bd5705d\COMCTL32.dll
[0725/183333:ERROR:process_reader_win.cc(232)] ReadMemory at 0x75740000 of 64 bytes failed: 度ЧΘ场だ ReadProcessMemory ┪ WriteProcessMemory nDC (0x12B)
[0725/183333:WARNING:pe_image_reader.cc(280)] could not read dos header from C:\Windows\syswow64\COMDLG32.dll
[0725/183333:ERROR:process_reader_win.cc(232)] ReadMemory at 0x75050000 of 64 bytes failed: 度ЧΘ场だ ReadProcessMemory ┪ WriteProcessMemory nDC (0x12B)
[0725/183333:WARNING:pe_image_reader.cc(280)] could not read dos header from C:\Windows\syswow64\ole32.dll
[0725/183333:ERROR:process_reader_win.cc(232)] ReadMemory at 0x75a40000 of 64 bytes failed: 度ЧΘ场だ ReadProcessMemory ┪ WriteProcessMemory nDC (0x12B)
[0725/183333:WARNING:pe_image_reader.cc(280)] could not read dos header from C:\Windows\syswow64\OLEAUT32.dll
[0725/183333:ERROR:process_reader_win.cc(232)] ReadMemory at 0x76240000 of 64 bytes failed: 度ЧΘ场だ ReadProcessMemory ┪ WriteProcessMemory nDC (0x12B)
[0725/183333:WARNING:pe_image_reader.cc(280)] could not read dos header from C:\Windows\syswow64\NSI.dll
[0725/183333:ERROR:process_reader_win.cc(232)] ReadMemory at 0x735e0000 of 64 bytes failed: 度ЧΘ场だ ReadProcessMemory ┪ WriteProcessMemory nDC (0x12B)
[0725/183333:WARNING:pe_image_reader.cc(280)] could not read dos header from C:\Windows\system32\WINNSI.DLL
[0725/183333:ERROR:process_reader_win.cc(232)] ReadMemory at 0x735f0000 of 64 bytes failed: 度ЧΘ场だ ReadProcessMemory ┪ WriteProcessMemory nDC (0x12B)
[0725/183333:WARNING:pe_image_reader.cc(280)] could not read dos header from C:\Windows\system32\IPHLPAPI.DLL
[0725/183333:ERROR:process_reader_win.cc(232)] ReadMemory at 0x76190000 of 64 bytes failed: 度ЧΘ场だ ReadProcessMemory ┪ WriteProcessMemory nDC (0x12B)
[0725/183333:WARNING:pe_image_reader.cc(280)] could not read dos header from C:\Windows\syswow64\WS2_32.dll
[0725/183333:ERROR:process_reader_win.cc(232)] ReadMemory at 0x75b30000 of 64 bytes failed: 度ЧΘ场だ ReadProcessMemory ┪ WriteProcessMemory nDC (0x12B)
[0725/183333:WARNING:pe_image_reader.cc(280)] could not read dos header from C:\Windows\syswow64\MSASN1.dll
[0725/183333:ERROR:process_reader_win.cc(232)] ReadMemory at 0x76250000 of 64 bytes failed: 度ЧΘ场だ ReadProcessMemory ┪ WriteProcessMemory nDC (0x12B)
[0725/183333:WARNING:pe_image_reader.cc(280)] could not read dos header from C:\Windows\syswow64\CRYPT32.dll
[0725/183333:ERROR:process_reader_win.cc(232)] ReadMemory at 0x75b00000 of 64 bytes failed: 度ЧΘ场だ ReadProcessMemory ┪ WriteProcessMemory nDC (0x12B)
[0725/183333:WARNING:pe_image_reader.cc(280)] could not read dos header from C:\Windows\syswow64\WINTRUST.dll
[0725/183333:ERROR:process_reader_win.cc(232)] ReadMemory at 0x721d0000 of 64 bytes failed: 度ЧΘ场だ ReadProcessMemory ┪ WriteProcessMemory nDC (0x12B)
[0725/183333:WARNING:pe_image_reader.cc(280)] could not read dos header from C:\Windows\system32\Secur32.dll
[0725/183333:ERROR:process_reader_win.cc(232)] ReadMemory at 0x5d480000 of 64 bytes failed: 度ЧΘ场だ ReadProcessMemory ┪ WriteProcessMemory nDC (0x12B)
[0725/183333:WARNING:pe_image_reader.cc(280)] could not read dos header from C:\Program Files (x86)\Google\Chrome\Application\51.0.2704.103\chrome_child.dll
[0725/183333:ERROR:process_reader_win.cc(232)] ReadMemory at 0x6e460000 of 64 bytes failed: 度ЧΘ场だ ReadProcessMemory ┪ WriteProcessMemory nDC (0x12B)
[0725/183333:WARNING:pe_image_reader.cc(280)] could not read dos header from C:\Windows\system32\dxva2.dll
[0725/183333:ERROR:process_reader_win.cc(98)] process 6048 not found
[0725/183333:ERROR:process_reader_win.cc(232)] ReadMemory at 0xee0000 of 64 bytes failed: 度ЧΘ场だ ReadProcessMemory ┪ WriteProcessMemory nDC (0x12B)
[0725/183333:WARNING:pe_image_reader.cc(280)] could not read dos header from C:\Program Files (x86)\Google\Chrome\Application\chrome.exe
[0725/183333:ERROR:process_reader_win.cc(232)] ReadMemory at 0x775b0000 of 64 bytes failed: 度ЧΘ场だ ReadProcessMemory ┪ WriteProcessMemory nDC (0x12B)
[0725/183333:WARNING:pe_image_reader.cc(280)] could not read dos header from C:\Windows\SysWOW64\ntdll.dll
[0725/183333:ERROR:process_reader_win.cc(232)] ReadMemory at 0x74f80000 of 64 bytes failed: 度ЧΘ场だ ReadProcessMemory ┪ WriteProcessMemory nDC (0x12B)
[0725/183333:WARNING:pe_image_reader.cc(280)] could not read dos header from C:\Windows\syswow64\KERNELBASE.dll
[0725/183333:ERROR:process_reader_win.cc(232)] ReadMemory at 0x757c0000 of 64 bytes failed: 度ЧΘ场だ ReadProcessMemory ┪ WriteProcessMemory nDC (0x12B)
[0725/183333:WARNING:pe_image_reader.cc(280)] could not read dos header from C:\Windows\syswow64\kernel32.dll
[0725/183333:ERROR:process_reader_win.cc(232)] ReadMemory at 0x75670000 of 64 bytes failed: 度ЧΘ场だ ReadProcessMemory ┪ WriteProcessMemory nDC (0x12B)
[0725/183333:WARNING:pe_image_reader.cc(280)] could not read dos header from C:\Windows\syswow64\msvcrt.dll
[0725/183333:ERROR:process_reader_win.cc(232)] ReadMemory at 0x74eb0000 of 64 bytes failed: 度ЧΘ场だ ReadProcessMemory ┪ WriteProcessMemory nDC (0x12B)
[0725/183333:WARNING:pe_image_reader.cc(280)] could not read dos header from C:\Windows\syswow64\CRYPTBASE.dll
[0725/183333:ERROR:process_reader_win.cc(232)] ReadMemory at 0x74ec0000 of 64 bytes failed: 度ЧΘ场だ ReadProcessMemory ┪ WriteProcessMemory nDC (0x12B)
[0725/183333:WARNING:pe_image_reader.cc(280)] could not read dos header from C:\Windows\syswow64\SspiCli.dll
[0725/183333:ERROR:process_reader_win.cc(232)] ReadMemory at 0x760a0000 of 64 bytes failed: 度ЧΘ场だ ReadProcessMemory ┪ WriteProcessMemory nDC (0x12B)
[0725/183333:WARNING:pe_image_reader.cc(280)] could not read dos header from C:\Windows\syswow64\RPCRT4.dll
[0725/183333:ERROR:process_reader_win.cc(232)] ReadMemory at 0x761d0000 of 64 bytes failed: 度ЧΘ场だ ReadProcessMemory ┪ WriteProcessMemory nDC (0x12B)
[0725/183333:WARNING:pe_image_reader.cc(280)] could not read dos header from C:\Windows\SysWOW64\sechost.dll
[0725/183333:ERROR:process_reader_win.cc(232)] ReadMemory at 0x758d0000 of 64 bytes failed: 度ЧΘ场だ ReadProcessMemory ┪ WriteProcessMemory nDC (0x12B)
[0725/183333:WARNING:pe_image_reader.cc(280)] could not read dos header from C:\Windows\syswow64\ADVAPI32.dll
[0725/183333:ERROR:process_reader_win.cc(232)] ReadMemory at 0x74d80000 of 64 bytes failed: 度ЧΘ场だ ReadProcessMemory ┪ WriteProcessMemory nDC (0x12B)
[0725/183333:WARNING:pe_image_reader.cc(280)] could not read dos header from C:\Program Files (x86)\Google\Chrome\Application\51.0.2704.103\chrome_elf.dll
[0725/183333:ERROR:process_reader_win.cc(232)] ReadMemory at 0x737f0000 of 64 bytes failed: 度ЧΘ场だ ReadProcessMemory ┪ WriteProcessMemory nDC (0x12B)
[0725/183333:WARNING:pe_image_reader.cc(280)] could not read dos header from C:\Windows\system32\VERSION.dll
[0725/183333:ERROR:process_reader_win.cc(232)] ReadMemory at 0x75b40000 of 64 bytes failed: 度ЧΘ场だ ReadProcessMemory ┪ WriteProcessMemory nDC (0x12B)
[0725/183333:WARNING:pe_image_reader.cc(280)] could not read dos header from C:\Windows\syswow64\USP10.dll
[0725/183333:ERROR:process_reader_win.cc(232)] ReadMemory at 0x74fd0000 of 64 bytes failed: 度ЧΘ场だ ReadProcessMemory ┪ WriteProcessMemory nDC (0x12B)
[0725/183333:WARNING:pe_image_reader.cc(280)] could not read dos header from C:\Windows\syswow64\LPK.dll
[0725/183333:ERROR:process_reader_win.cc(232)] ReadMemory at 0x77120000 of 64 bytes failed: 度ЧΘ场だ ReadProcessMemory ┪ WriteProcessMemory nDC (0x12B)
[0725/183333:WARNING:pe_image_reader.cc(280)] could not read dos header from C:\Windows\syswow64\GDI32.dll
[0725/183333:ERROR:process_reader_win.cc(232)] ReadMemory at 0x75280000 of 64 bytes failed: 度ЧΘ场だ ReadProcessMemory ┪ WriteProcessMemory nDC (0x12B)
[0725/183333:WARNING:pe_image_reader.cc(280)] could not read dos header from C:\Windows\syswow64\USER32.dll
[0725/183333:ERROR:process_reader_win.cc(232)] ReadMemory at 0x72c90000 of 64 bytes failed: 度ЧΘ场だ ReadProcessMemory ┪ WriteProcessMemory nDC (0x12B)
[0725/183333:WARNING:pe_image_reader.cc(280)] could not read dos header from C:\Windows\system32\WINMM.dll
[0725/183333:ERROR:process_reader_win.cc(232)] ReadMemory at 0x75660000 of 64 bytes failed: 度ЧΘ场だ ReadProcessMemory ┪ WriteProcessMemory nDC (0x12B)
[0725/183333:WARNING:pe_image_reader.cc(280)] could not read dos header from C:\Windows\syswow64\profapi.dll
[0725/183333:ERROR:process_reader_win.cc(232)] ReadMemory at 0x75720000 of 64 bytes failed: 度ЧΘ场だ ReadProcessMemory ┪ WriteProcessMemory nDC (0x12B)
[0725/183333:WARNING:pe_image_reader.cc(280)] could not read dos header from C:\Windows\syswow64\USERENV.dll
[0725/183333:ERROR:process_reader_win.cc(232)] ReadMemory at 0x734f0000 of 64 bytes failed: 度ЧΘ场だ ReadProcessMemory ┪ WriteProcessMemory nDC (0x12B)
[0725/183333:WARNING:pe_image_reader.cc(280)] could not read dos header from C:\Windows\system32\WTSAPI32.dll
[0725/183333:ERROR:process_reader_win.cc(232)] ReadMemory at 0x728e0000 of 64 bytes failed: 度ЧΘ场だ ReadProcessMemory ┪ WriteProcessMemory nDC (0x12B)
[0725/183333:WARNING:pe_image_reader.cc(280)] could not read dos header from C:\Windows\system32\webio.dll
[0725/183333:ERROR:process_reader_win.cc(232)] ReadMemory at 0x729c0000 of 64 bytes failed: 度ЧΘ场だ ReadProcessMemory ┪ WriteProcessMemory nDC (0x12B)
[0725/183333:WARNING:pe_image_reader.cc(280)] could not read dos header from C:\Windows\system32\WINHTTP.dll
[0725/183333:ERROR:process_reader_win.cc(232)] ReadMemory at 0x74e30000 of 64 bytes failed: 度ЧΘ场だ ReadProcessMemory ┪ WriteProcessMemory nDC (0x12B)
[0725/183333:WARNING:pe_image_reader.cc(280)] could not read dos header from C:\Windows\system32\api-ms-win-core-synch-l1-2-0.DLL
[0725/183333:ERROR:process_reader_win.cc(232)] ReadMemory at 0x751b0000 of 64 bytes failed: 度ЧΘ场だ ReadProcessMemory ┪ WriteProcessMemory nDC (0x12B)
[0725/183333:WARNING:pe_image_reader.cc(280)] could not read dos header from C:\Windows\syswow64\MSCTF.dll
[0725/183333:ERROR:process_reader_win.cc(232)] ReadMemory at 0x759e0000 of 64 bytes failed: 度ЧΘ场だ ReadProcessMemory ┪ WriteProcessMemory nDC (0x12B)
[0725/183333:WARNING:pe_image_reader.cc(280)] could not read dos header from C:\Windows\system32\IMM32.DLL
[0725/183333:ERROR:process_reader_win.cc(232)] ReadMemory at 0x74fe0000 of 64 bytes failed: 度ЧΘ场だ ReadProcessMemory ┪ WriteProcessMemory nDC (0x12B)
[0725/183333:WARNING:pe_image_reader.cc(280)] could not read dos header from C:\Windows\syswow64\SHLWAPI.dll
[0725/183333:ERROR:process_reader_win.cc(232)] ReadMemory at 0x764d0000 of 64 bytes failed: 度ЧΘ场だ ReadProcessMemory ┪ WriteProcessMemory nDC (0x12B)
[0725/183333:WARNING:pe_image_reader.cc(280)] could not read dos header from C:\Windows\syswow64\SHELL32.dll
[0725/183333:ERROR:process_reader_win.cc(232)] ReadMemory at 0x75380000 of 64 bytes failed: 度ЧΘ场だ ReadProcessMemory ┪ WriteProcessMemory nDC (0x12B)
[0725/183333:WARNING:pe_image_reader.cc(280)] could not read dos header from C:\Windows\syswow64\PSAPI.DLL
[0725/183333:ERROR:process_reader_win.cc(232)] ReadMemory at 0x71d40000 of 64 bytes failed: 度ЧΘ场だ ReadProcessMemory ┪ WriteProcessMemory nDC (0x12B)
[0725/183333:WARNING:pe_image_reader.cc(280)] could not read dos header from C:\Windows\system32\WINSPOOL.DRV
[0725/183333:ERROR:process_reader_win.cc(232)] ReadMemory at 0x73350000 of 64 bytes failed: 度ЧΘ场だ ReadProcessMemory ┪ WriteProcessMemory nDC (0x12B)
[0725/183333:WARNING:pe_image_reader.cc(280)] could not read dos header from C:\Windows\WinSxS\x86_microsoft.windows.common-controls_6595b64144ccf1df_6.0.7601.18837_none_41e855142bd5705d\COMCTL32.dll
[0725/183333:ERROR:process_reader_win.cc(232)] ReadMemory at 0x75740000 of 64 bytes failed: 度ЧΘ场だ ReadProcessMemory ┪ WriteProcessMemory nDC (0x12B)
[0725/183333:WARNING:pe_image_reader.cc(280)] could not read dos header from C:\Windows\syswow64\COMDLG32.dll
[0725/183333:ERROR:process_reader_win.cc(232)] ReadMemory at 0x75050000 of 64 bytes failed: 度ЧΘ场だ ReadProcessMemory ┪ WriteProcessMemory nDC (0x12B)
[0725/183333:WARNING:pe_image_reader.cc(280)] could not read dos header from C:\Windows\syswow64\ole32.dll
[0725/183333:ERROR:process_reader_win.cc(232)] ReadMemory at 0x75a40000 of 64 bytes failed: 度ЧΘ场だ ReadProcessMemory ┪ WriteProcessMemory nDC (0x12B)
[0725/183333:WARNING:pe_image_reader.cc(280)] could not read dos header from C:\Windows\syswow64\OLEAUT32.dll
[0725/183333:ERROR:process_reader_win.cc(232)] ReadMemory at 0x76240000 of 64 bytes failed: 度ЧΘ场だ ReadProcessMemory ┪ WriteProcessMemory nDC (0x12B)
[0725/183333:WARNING:pe_image_reader.cc(280)] could not read dos header from C:\Windows\syswow64\NSI.dll
[0725/183333:ERROR:process_reader_win.cc(232)] ReadMemory at 0x735e0000 of 64 bytes failed: 度ЧΘ场だ ReadProcessMemory ┪ WriteProcessMemory nDC (0x12B)
[0725/183333:WARNING:pe_image_reader.cc(280)] could not read dos header from C:\Windows\system32\WINNSI.DLL
[0725/183333:ERROR:process_reader_win.cc(232)] ReadMemory at 0x735f0000 of 64 bytes failed: 度ЧΘ场だ ReadProcessMemory ┪ WriteProcessMemory nDC (0x12B)
[0725/183333:WARNING:pe_image_reader.cc(280)] could not read dos header from C:\Windows\system32\IPHLPAPI.DLL
[0725/183333:ERROR:process_reader_win.cc(232)] ReadMemory at 0x76190000 of 64 bytes failed: 度ЧΘ场だ ReadProcessMemory ┪ WriteProcessMemory nDC (0x12B)
[0725/183333:WARNING:pe_image_reader.cc(280)] could not read dos header from C:\Windows\syswow64\WS2_32.dll
[0725/183333:ERROR:process_reader_win.cc(232)] ReadMemory at 0x75b30000 of 64 bytes failed: 度ЧΘ场だ ReadProcessMemory ┪ WriteProcessMemory nDC (0x12B)
[0725/183333:WARNING:pe_image_reader.cc(280)] could not read dos header from C:\Windows\syswow64\MSASN1.dll
[0725/183333:ERROR:process_reader_win.cc(232)] ReadMemory at 0x76250000 of 64 bytes failed: 度ЧΘ场だ ReadProcessMemory ┪ WriteProcessMemory nDC (0x12B)
[0725/183333:WARNING:pe_image_reader.cc(280)] could not read dos header from C:\Windows\syswow64\CRYPT32.dll
[0725/183333:ERROR:process_reader_win.cc(232)] ReadMemory at 0x75b00000 of 64 bytes failed: 度ЧΘ场だ ReadProcessMemory ┪ WriteProcessMemory nDC (0x12B)
[0725/183333:WARNING:pe_image_reader.cc(280)] could not read dos header from C:\Windows\syswow64\WINTRUST.dll
[0725/183333:ERROR:process_reader_win.cc(232)] ReadMemory at 0x721d0000 of 64 bytes failed: 度ЧΘ场だ ReadProcessMemory ┪ WriteProcessMemory nDC (0x12B)
[0725/183333:WARNING:pe_image_reader.cc(280)] could not read dos header from C:\Windows\system32\Secur32.dll
[0725/183333:ERROR:process_reader_win.cc(232)] ReadMemory at 0x5d480000 of 64 bytes failed: 度ЧΘ场だ ReadProcessMemory ┪ WriteProcessMemory nDC (0x12B)
[0725/183333:WARNING:pe_image_reader.cc(280)] could not read dos header from C:\Program Files (x86)\Google\Chrome\Application\51.0.2704.103\chrome_child.dll
[0725/183333:ERROR:process_reader_win.cc(232)] ReadMemory at 0x6e460000 of 64 bytes failed: 度ЧΘ场だ ReadProcessMemory ┪ WriteProcessMemory nDC (0x12B)
[0725/183333:WARNING:pe_image_reader.cc(280)] could not read dos header from C:\Windows\system32\dxva2.dll
[0725/183333:ERROR:process_reader_win.cc(232)] ReadMemory at 0xf9c374 of 12 bytes failed: 度ЧΘ场だ ReadProcessMemory ┪ WriteProcessMemory nDC (0x12B)
[0725/183333:WARNING:process_snapshot_win.cc(102)] ReadMemory ExceptionInformation failed
[0725/183333:WARNING:crash_report_exception_handler.cc(60)] ProcessSnapshotWin::InitializeException failed
[0725/183333:ERROR:scoped_process_suspend.cc(38)] NtResumeProcess, ntstatus=-1073741558
